<?xml version="1.0" encoding="UTF-8"?>
<!-- Generated by org.testng.reporters.JUnitXMLReporter -->
<testsuite hostname="AR-IT09895.lan" ignored="0" name="ApplicationX Home Page Test Cases" tests="6" failures="2" timestamp="25 Mar 2019 19:05:27 GMT" time="143.585" errors="0">
  <testcase name="verifyHomePageTitleTest" time="0.009" classname="com.applicationx.qa.testcases.HomePageTest"/>
  <testcase name="verifyUserNameTest" time="40.079" classname="com.applicationx.qa.testcases.HomePageTest">
    <failure type="org.openqa.selenium.NoSuchFrameException" message="No frame element found by name or id mainpanel
Build info: version: &amp;apos;3.14.0&amp;apos;, revision: &amp;apos;aacccce0&amp;apos;, time: &amp;apos;2018-08-02T20:19:58.91Z&amp;apos;
System info: host: &amp;apos;AR-IT09895.lan&amp;apos;, ip: &amp;apos;fdb8:3230:ed6e:0:0:0:0:43e%en0&amp;apos;, os.name: &amp;apos;Mac OS X&amp;apos;, os.arch: &amp;apos;x86_64&amp;apos;, os.version: &amp;apos;10.13.4&amp;apos;, java.version: &amp;apos;1.8.0_171&amp;apos;
Driver info: driver.version: unknown">
      <![CDATA[org.openqa.selenium.NoSuchFrameException: No frame element found by name or id mainpanel
Build info: version: '3.14.0', revision: 'aacccce0', time: '2018-08-02T20:19:58.91Z'
System info: host: 'AR-IT09895.lan', ip: 'fdb8:3230:ed6e:0:0:0:0:43e%en0', os.name: 'Mac OS X', os.arch: 'x86_64', os.version: '10.13.4', java.version: '1.8.0_171'
Driver info: driver.version: unknown
	at org.openqa.selenium.remote.RemoteWebDriver$RemoteTargetLocator.frame(RemoteWebDriver.java:881)
	at org.openqa.selenium.support.events.EventFiringWebDriver$EventFiringTargetLocator.frame(EventFiringWebDriver.java:701)
	at com.applicationx.qa.util.TestUtil.switchToFrame(TestUtil.java:31)
	at com.applicationx.qa.testcases.HomePageTest.verifyUserNameTest(HomePageTest.java:46)
... Removed 25 stack frames]]>
    </failure>
  </testcase> <!-- verifyUserNameTest -->
  <testcase name="verifyContactsLinkTest" time="40.068" classname="com.applicationx.qa.testcases.HomePageTest">
    <failure type="org.openqa.selenium.NoSuchFrameException" message="No frame element found by name or id mainpanel
Build info: version: &amp;apos;3.14.0&amp;apos;, revision: &amp;apos;aacccce0&amp;apos;, time: &amp;apos;2018-08-02T20:19:58.91Z&amp;apos;
System info: host: &amp;apos;AR-IT09895.lan&amp;apos;, ip: &amp;apos;fdb8:3230:ed6e:0:0:0:0:43e%en0&amp;apos;, os.name: &amp;apos;Mac OS X&amp;apos;, os.arch: &amp;apos;x86_64&amp;apos;, os.version: &amp;apos;10.13.4&amp;apos;, java.version: &amp;apos;1.8.0_171&amp;apos;
Driver info: driver.version: unknown">
      <![CDATA[org.openqa.selenium.NoSuchFrameException: No frame element found by name or id mainpanel
Build info: version: '3.14.0', revision: 'aacccce0', time: '2018-08-02T20:19:58.91Z'
System info: host: 'AR-IT09895.lan', ip: 'fdb8:3230:ed6e:0:0:0:0:43e%en0', os.name: 'Mac OS X', os.arch: 'x86_64', os.version: '10.13.4', java.version: '1.8.0_171'
Driver info: driver.version: unknown
	at org.openqa.selenium.remote.RemoteWebDriver$RemoteTargetLocator.frame(RemoteWebDriver.java:881)
	at org.openqa.selenium.support.events.EventFiringWebDriver$EventFiringTargetLocator.frame(EventFiringWebDriver.java:701)
	at com.applicationx.qa.util.TestUtil.switchToFrame(TestUtil.java:31)
	at com.applicationx.qa.testcases.HomePageTest.verifyContactsLinkTest(HomePageTest.java:52)
... Removed 25 stack frames]]>
    </failure>
  </testcase> <!-- verifyContactsLinkTest -->
  <testcase name="verifySignUpLink" time="0.028" classname="com.applicationx.qa.testcases.HomePageTest"/>
  <testcase name="CRMLogoisDisplayed" time="0.03" classname="com.applicationx.qa.testcases.HomePageTest"/>
  <testcase name="CRMGetText" time="0.029" classname="com.applicationx.qa.testcases.HomePageTest"/>
</testsuite> <!-- ApplicationX Home Page Test Cases -->
